<?xml version="1.0" encoding="UTF-8"?>
<!-- Generated by org.testng.reporters.JUnitReportReporter -->
<testsuite hostname="LTIN277629" failures="0" tests="26" name="TestCase.TC005_gymResults" time="405.483" errors="0" timestamp="2024-02-08T22:55:42 IST" skipped="0">
  <testcase classname="TestCase.TC005_gymResults" name="test1" time="22.405"/>
  <system-out/>
  <testcase classname="TestCase.TC005_gymResults" name="test1" time="22.580"/>
  <system-out/>
  <testcase classname="TestCase.TC005_gymResults" name="test2" time="14.553"/>
  <system-out/>
  <testcase classname="TestCase.TC005_gymResults" name="test2" time="14.570"/>
  <system-out/>
  <testcase classname="TestCase.TC005_gymResults" name="test3" time="18.128"/>
  <system-out/>
  <testcase classname="TestCase.TC005_gymResults" name="test3" time="22.487"/>
  <system-out/>
  <testcase classname="TestCase.TC005_gymResults" name="test4" time="26.886"/>
  <system-out/>
  <testcase classname="TestCase.TC005_gymResults" name="test4" time="26.216"/>
  <system-out/>
  <testcase classname="TestCase.TC005_gymResults" name="test5" time="8.954"/>
  <system-out/>
  <testcase classname="TestCase.TC005_gymResults" name="test5" time="5.643"/>
  <system-out/>
  <testcase classname="TestCase.TC005_gymResults" name="test6" time="55.777"/>
  <system-out/>
  <testcase classname="TestCase.TC005_gymResults" name="test6" time="50.846"/>
  <system-out/>
  <testcase classname="TestCase.TC005_gymResults" name="test7" time="23.139"/>
  <system-out/>
  <testcase classname="TestCase.TC005_gymResults" name="test7" time="17.985"/>
  <system-out/>
  <testcase classname="TestCase.TC005_gymResults" name="test8" time="11.389"/>
  <system-out/>
  <testcase classname="TestCase.TC005_gymResults" name="test8" time="11.305"/>
  <system-out/>
  <testcase classname="TestCase.TC005_gymResults" name="test9" time="3.205"/>
  <system-out/>
  <testcase classname="TestCase.TC005_gymResults" name="test9" time="3.055"/>
  <system-out/>
  <testcase classname="TestCase.TC005_gymResults" name="test10" time="0.066"/>
  <system-out/>
  <testcase classname="TestCase.TC005_gymResults" name="test10" time="0.416"/>
  <system-out/>
  <testcase classname="TestCase.TC005_gymResults" name="test11" time="2.397"/>
  <system-out/>
  <testcase classname="TestCase.TC005_gymResults" name="test11" time="7.879"/>
  <system-out/>
  <testcase classname="TestCase.TC005_gymResults" name="test12" time="12.930"/>
  <system-out/>
  <testcase classname="TestCase.TC005_gymResults" name="test12" time="7.510"/>
  <system-out/>
  <testcase classname="TestCase.TC005_gymResults" name="test13" time="8.560"/>
  <system-out/>
  <testcase classname="TestCase.TC005_gymResults" name="test13" time="6.602"/>
  <system-out/>
</testsuite> <!-- TestCase.TC005_gymResults -->
