<?xml version="1.0" encoding="UTF-8"?>
<!-- Generated by org.testng.reporters.JUnitReportReporter -->
<testsuite hostname="LTIN277629" failures="0" tests="26" name="TestCase.TC005_gymResults" time="340.795" errors="0" timestamp="2024-02-15T10:33:38 IST" skipped="0">
  <testcase classname="TestCase.TC005_gymResults" name="ignoreAd" time="22.267"/>
  <system-out/>
  <testcase classname="TestCase.TC005_gymResults" name="ignoreAd" time="22.550"/>
  <system-out/>
  <testcase classname="TestCase.TC005_gymResults" name="selectCountry" time="15.843"/>
  <system-out/>
  <testcase classname="TestCase.TC005_gymResults" name="selectCountry" time="16.445"/>
  <system-out/>
  <testcase classname="TestCase.TC005_gymResults" name="selectCity" time="15.949"/>
  <system-out/>
  <testcase classname="TestCase.TC005_gymResults" name="selectCity" time="15.717"/>
  <system-out/>
  <testcase classname="TestCase.TC005_gymResults" name="enteringInputs" time="25.299"/>
  <system-out/>
  <testcase classname="TestCase.TC005_gymResults" name="enteringInputs" time="24.952"/>
  <system-out/>
  <testcase classname="TestCase.TC005_gymResults" name="gettingCarWashResults" time="7.193"/>
  <system-out/>
  <testcase classname="TestCase.TC005_gymResults" name="gettingCarWashResults" time="4.568"/>
  <system-out/>
  <testcase classname="TestCase.TC005_gymResults" name="clickingShareReviewReport" time="44.946"/>
  <system-out/>
  <testcase classname="TestCase.TC005_gymResults" name="clickingShareReviewReport" time="46.015"/>
  <system-out/>
  <testcase classname="TestCase.TC005_gymResults" name="clickingFreelisting" time="15.816"/>
  <system-out/>
  <testcase classname="TestCase.TC005_gymResults" name="clickingFreelisting" time="14.219"/>
  <system-out/>
  <testcase classname="TestCase.TC005_gymResults" name="clickLogin" time="11.217"/>
  <system-out/>
  <testcase classname="TestCase.TC005_gymResults" name="clickLogin" time="11.250"/>
  <system-out/>
  <testcase classname="TestCase.TC005_gymResults" name="enteringWrongInputs" time="2.994"/>
  <system-out/>
  <testcase classname="TestCase.TC005_gymResults" name="enteringWrongInputs" time="2.940"/>
  <system-out/>
  <testcase classname="TestCase.TC005_gymResults" name="getErrorMessage" time="0.053"/>
  <system-out/>
  <testcase classname="TestCase.TC005_gymResults" name="getErrorMessage" time="0.074"/>
  <system-out/>
  <testcase classname="TestCase.TC005_gymResults" name="backToSearchPage" time="0.277"/>
  <system-out/>
  <testcase classname="TestCase.TC005_gymResults" name="backToSearchPage" time="0.442"/>
  <system-out/>
  <testcase classname="TestCase.TC005_gymResults" name="clickingGym" time="4.615"/>
  <system-out/>
  <testcase classname="TestCase.TC005_gymResults" name="clickingGym" time="4.243"/>
  <system-out/>
  <testcase classname="TestCase.TC005_gymResults" name="gettingSubCategory" time="5.784"/>
  <system-out/>
  <testcase classname="TestCase.TC005_gymResults" name="gettingSubCategory" time="5.127"/>
  <system-out/>
</testsuite> <!-- TestCase.TC005_gymResults -->
