<?xml version="1.0" encoding="UTF-8"?>
<!-- Generated by org.testng.reporters.JUnitReportReporter -->
<testsuite hostname="LTIN277629" failures="0" tests="26" name="TestCase.TC005_gymResults" time="417.643" errors="0" timestamp="2024-02-08T12:27:44 IST" skipped="0">
  <testcase classname="TestCase.TC005_gymResults" name="test1" time="22.432"/>
  <system-out/>
  <testcase classname="TestCase.TC005_gymResults" name="test1" time="22.789"/>
  <system-out/>
  <testcase classname="TestCase.TC005_gymResults" name="test2" time="15.768"/>
  <system-out/>
  <testcase classname="TestCase.TC005_gymResults" name="test2" time="18.090"/>
  <system-out/>
  <testcase classname="TestCase.TC005_gymResults" name="test3" time="40.993"/>
  <system-out/>
  <testcase classname="TestCase.TC005_gymResults" name="test3" time="19.945"/>
  <system-out/>
  <testcase classname="TestCase.TC005_gymResults" name="test4" time="26.626"/>
  <system-out/>
  <testcase classname="TestCase.TC005_gymResults" name="test4" time="34.681"/>
  <system-out/>
  <testcase classname="TestCase.TC005_gymResults" name="test5" time="4.315"/>
  <system-out/>
  <testcase classname="TestCase.TC005_gymResults" name="test5" time="12.062"/>
  <system-out/>
  <testcase classname="TestCase.TC005_gymResults" name="test6" time="52.262"/>
  <system-out/>
  <testcase classname="TestCase.TC005_gymResults" name="test6" time="47.283"/>
  <system-out/>
  <testcase classname="TestCase.TC005_gymResults" name="test7" time="22.158"/>
  <system-out/>
  <testcase classname="TestCase.TC005_gymResults" name="test7" time="16.108"/>
  <system-out/>
  <testcase classname="TestCase.TC005_gymResults" name="test8" time="11.304"/>
  <system-out/>
  <testcase classname="TestCase.TC005_gymResults" name="test8" time="11.446"/>
  <system-out/>
  <testcase classname="TestCase.TC005_gymResults" name="test9" time="3.050"/>
  <system-out/>
  <testcase classname="TestCase.TC005_gymResults" name="test9" time="3.089"/>
  <system-out/>
  <testcase classname="TestCase.TC005_gymResults" name="test10" time="0.083"/>
  <system-out/>
  <testcase classname="TestCase.TC005_gymResults" name="test10" time="0.083"/>
  <system-out/>
  <testcase classname="TestCase.TC005_gymResults" name="test11" time="0.266"/>
  <system-out/>
  <testcase classname="TestCase.TC005_gymResults" name="test11" time="0.367"/>
  <system-out/>
  <testcase classname="TestCase.TC005_gymResults" name="test12" time="6.559"/>
  <system-out/>
  <testcase classname="TestCase.TC005_gymResults" name="test12" time="13.865"/>
  <system-out/>
  <testcase classname="TestCase.TC005_gymResults" name="test13" time="5.329"/>
  <system-out/>
  <testcase classname="TestCase.TC005_gymResults" name="test13" time="6.690"/>
  <system-out/>
</testsuite> <!-- TestCase.TC005_gymResults -->
