<?xml version="1.0" encoding="UTF-8"?>
<!-- Generated by org.testng.reporters.JUnitReportReporter -->
<testsuite hostname="LTIN277629" failures="0" tests="16" name="TestCase.TC001_justDial" time="268.934" errors="0" timestamp="2024-01-25T12:51:25 IST" skipped="0">
  <testcase classname="TestCase.TC001_justDial" name="test1" time="2.683"/>
  <system-out/>
  <testcase classname="TestCase.TC001_justDial" name="test21" time="18.046"/>
  <system-out/>
  <testcase classname="TestCase.TC001_justDial" name="test45" time="13.568"/>
  <system-out/>
  <testcase classname="TestCase.TC001_justDial" name="test2" time="2.507"/>
  <system-out/>
  <testcase classname="TestCase.TC001_justDial" name="test3" time="25.111"/>
  <system-out/>
  <testcase classname="TestCase.TC001_justDial" name="test4" time="24.804"/>
  <system-out/>
  <testcase classname="TestCase.TC001_justDial" name="text12" time="19.361"/>
  <system-out/>
  <testcase classname="TestCase.TC001_justDial" name="test13" time="4.910"/>
  <system-out/>
  <testcase classname="TestCase.TC001_justDial" name="test14" time="10.586"/>
  <system-out/>
  <testcase classname="TestCase.TC001_justDial" name="test5" time="26.007"/>
  <system-out/>
  <testcase classname="TestCase.TC001_justDial" name="test6" time="23.190"/>
  <system-out/>
  <testcase classname="TestCase.TC001_justDial" name="test7" time="23.457"/>
  <system-out/>
  <testcase classname="TestCase.TC001_justDial" name="test8" time="23.107"/>
  <system-out/>
  <testcase classname="TestCase.TC001_justDial" name="test9" time="32.742"/>
  <system-out/>
  <testcase classname="TestCase.TC001_justDial" name="test10" time="18.640"/>
  <system-out/>
  <testcase classname="TestCase.TC001_justDial" name="test11" time="0.215"/>
  <system-out/>
</testsuite> <!-- TestCase.TC001_justDial -->
