<?xml version="1.0" encoding="UTF-8"?>
<!-- Generated by org.testng.reporters.JUnitReportReporter -->
<testsuite hostname="LTIN277629" failures="0" tests="26" name="TestCase.TC005_gymResults" time="389.495" errors="0" timestamp="2024-02-15T09:58:43 IST" skipped="0">
  <testcase classname="TestCase.TC005_gymResults" name="ignoreAd" time="22.454"/>
  <system-out/>
  <testcase classname="TestCase.TC005_gymResults" name="ignoreAd" time="22.645"/>
  <system-out/>
  <testcase classname="TestCase.TC005_gymResults" name="selectCountry" time="17.202"/>
  <system-out/>
  <testcase classname="TestCase.TC005_gymResults" name="selectCountry" time="17.017"/>
  <system-out/>
  <testcase classname="TestCase.TC005_gymResults" name="selectCity" time="19.790"/>
  <system-out/>
  <testcase classname="TestCase.TC005_gymResults" name="selectCity" time="16.302"/>
  <system-out/>
  <testcase classname="TestCase.TC005_gymResults" name="enteringInputs" time="27.374"/>
  <system-out/>
  <testcase classname="TestCase.TC005_gymResults" name="enteringInputs" time="38.922"/>
  <system-out/>
  <testcase classname="TestCase.TC005_gymResults" name="gettingCarWashResults" time="10.012"/>
  <system-out/>
  <testcase classname="TestCase.TC005_gymResults" name="gettingCarWashResults" time="5.967"/>
  <system-out/>
  <testcase classname="TestCase.TC005_gymResults" name="clickingShareReviewReport" time="55.166"/>
  <system-out/>
  <testcase classname="TestCase.TC005_gymResults" name="clickingShareReviewReport" time="46.519"/>
  <system-out/>
  <testcase classname="TestCase.TC005_gymResults" name="clickingFreelisting" time="16.747"/>
  <system-out/>
  <testcase classname="TestCase.TC005_gymResults" name="clickingFreelisting" time="15.788"/>
  <system-out/>
  <testcase classname="TestCase.TC005_gymResults" name="clickLogin" time="11.474"/>
  <system-out/>
  <testcase classname="TestCase.TC005_gymResults" name="clickLogin" time="11.320"/>
  <system-out/>
  <testcase classname="TestCase.TC005_gymResults" name="enteringWrongInputs" time="3.063"/>
  <system-out/>
  <testcase classname="TestCase.TC005_gymResults" name="enteringWrongInputs" time="4.478"/>
  <system-out/>
  <testcase classname="TestCase.TC005_gymResults" name="getErrorMessage" time="0.111"/>
  <system-out/>
  <testcase classname="TestCase.TC005_gymResults" name="getErrorMessage" time="0.088"/>
  <system-out/>
  <testcase classname="TestCase.TC005_gymResults" name="backToSearchPage" time="0.456"/>
  <system-out/>
  <testcase classname="TestCase.TC005_gymResults" name="backToSearchPage" time="0.301"/>
  <system-out/>
  <testcase classname="TestCase.TC005_gymResults" name="clickingGym" time="6.069"/>
  <system-out/>
  <testcase classname="TestCase.TC005_gymResults" name="clickingGym" time="3.792"/>
  <system-out/>
  <testcase classname="TestCase.TC005_gymResults" name="gettingSubCategory" time="9.485"/>
  <system-out/>
  <testcase classname="TestCase.TC005_gymResults" name="gettingSubCategory" time="6.953"/>
  <system-out/>
</testsuite> <!-- TestCase.TC005_gymResults -->
